---yjzzbBAd---A--
[25/Apr/2019:17:07:03 +0800] 155618322330.965906 192.168.2.161 27104 192.168.2.161 60080
---yjzzbBAd---B--
GET /test523 HTTP/1.1
Accept-Language: zh-CN,zh;q=0.9,en;q=0.8
Accept-Encoding: gzip, deflate
Cookie: csrftoken=XCLhqRqWbSojDEEpoXxzbQDNkDwBKRrUcdz9ObOXplSMMlZuOvfAHhPu4Ltw1WrR
X-Wf-Max-Combined-Size: 262144
User-Agent: Mozilla/5.0 (Windows NT 10.0; WOW64) AppleWebKit/537.36 (KHTML, like Gecko) Chrome/72.0.3626.121 Safari/537.36
X-FirePHP: 0.4.4
Accept: text/html,application/xhtml+xml,application/xml;q=0.9,image/webp,image/apng,*/*;q=0.8
X-FirePHP-Version: 0.4.4
Host: 192.168.2.226:60080
Upgrade-Insecure-Requests: 1
Connection: keep-alive

---yjzzbBAd---D--

---yjzzbBAd---F--
HTTP/1.1 523
Server: nginx
Date: Thu, 25 Apr 2019 09:07:03 GMT
Connection: keep-alive

---yjzzbBAd---H--

---yjzzbBAd---I--

---yjzzbBAd---J--

---yjzzbBAd---Z--
